Using pre-set license
Built from '2022.3/staging' branch; Version is '2022.3.49f1 (4dae1bb8668d) revision 5090843'; Using compiler version '192829333'; Build Type 'Release'
OS: 'Windows 10  (10.0.19045) 64bit Professional' Language: 'zh' Physical Memory: 32577 MB
BatchMode: 1, IsHumanControllingUs: 0, StartBugReporterOnCrash: 0, Is64bit: 1, IsPro: 1

COMMAND LINE ARGUMENTS:
D:\unity\2022.3.49f1\Editor\Unity.exe
-adb2
-batchMode
-noUpm
-name
AssetImportWorker13
-projectPath
F:/THEi/unityFinalProject/FSP/5651FinalProject/FINALSTELLARPROJECT
-logFile
Logs/AssetImportWorker13.log
-srvPort
56549
Successfully changed project path to: F:/THEi/unityFinalProject/FSP/5651FinalProject/FINALSTELLARPROJECT
F:/THEi/unityFinalProject/FSP/5651FinalProject/FINALSTELLARPROJECT
[UnityMemory] Configuration Parameters - Can be set up in boot.config
    "memorysetup-bucket-allocator-granularity=16"
    "memorysetup-bucket-allocator-bucket-count=8"
    "memorysetup-bucket-allocator-block-size=33554432"
    "memorysetup-bucket-allocator-block-count=8"
    "memorysetup-main-allocator-block-size=16777216"
    "memorysetup-thread-allocator-block-size=16777216"
    "memorysetup-gfx-main-allocator-block-size=16777216"
    "memorysetup-gfx-thread-allocator-block-size=16777216"
    "memorysetup-cache-allocator-block-size=4194304"
    "memorysetup-typetree-allocator-block-size=2097152"
    "memorysetup-profiler-bucket-allocator-granularity=16"
    "memorysetup-profiler-bucket-allocator-bucket-count=8"
    "memorysetup-profiler-bucket-allocator-block-size=33554432"
    "memorysetup-profiler-bucket-allocator-block-count=8"
    "memorysetup-profiler-allocator-block-size=16777216"
    "memorysetup-profiler-editor-allocator-block-size=1048576"
    "memorysetup-temp-allocator-size-main=16777216"
    "memorysetup-job-temp-allocator-block-size=2097152"
    "memorysetup-job-temp-allocator-block-size-background=1048576"
    "memorysetup-job-temp-allocator-reduction-small-platforms=262144"
    "memorysetup-allocator-temp-initial-block-size-main=262144"
    "memorysetup-allocator-temp-initial-block-size-worker=262144"
    "memorysetup-temp-allocator-size-background-worker=32768"
    "memorysetup-temp-allocator-size-job-worker=262144"
    "memorysetup-temp-allocator-size-preload-manager=33554432"
    "memorysetup-temp-allocator-size-nav-mesh-worker=65536"
    "memorysetup-temp-allocator-size-audio-worker=65536"
    "memorysetup-temp-allocator-size-cloud-worker=32768"
    "memorysetup-temp-allocator-size-gi-baking-worker=262144"
    "memorysetup-temp-allocator-size-gfx=262144"
Player connection [45132]  Target information:

Player connection [45132]  * "[IP] 192.168.100.14 [Port] 0 [Flags] 2 [Guid] 3767555930 [EditorId] 3767555930 [Version] 1048832 [Id] WindowsEditor(7,SKY-20201013GFB) [Debug] 1 [PackageName] WindowsEditor [ProjectName] Editor" 

Player connection [45132] Host joined multi-casting on [225.0.0.222:54997]...
Player connection [45132] Host joined alternative multi-casting on [225.0.0.222:34997]...
[PhysX] Initialized MultithreadedTaskDispatcher with 20 workers.
Refreshing native plugins compatible for Editor in 8.97 ms, found 3 plugins.
Preloading 0 native plugins for Editor in 0.00 ms.
Initialize engine version: 2022.3.49f1 (4dae1bb8668d)
[Subsystems] Discovering subsystems at path D:/unity/2022.3.49f1/Editor/Data/Resources/UnitySubsystems
[Subsystems] Discovering subsystems at path F:/THEi/unityFinalProject/FSP/5651FinalProject/FINALSTELLARPROJECT/Assets
GfxDevice: creating device client; threaded=0; jobified=0
Direct3D:
    Version:  Direct3D 11.0 [level 11.1]
    Renderer: NVIDIA GeForce GTX 1650 (ID=0x1f82)
    Vendor:   NVIDIA
    VRAM:     3935 MB
    Driver:   31.0.15.5222
Shader 'WFX/Transparent Diffuse': fallback shader 'Particles/Alpha Blended' not found
Shader 'WFX/Transparent Specular': fallback shader 'Particles/Alpha Blended' not found
Initialize mono
Mono path[0] = 'D:/unity/2022.3.49f1/Editor/Data/Managed'
Mono path[1] = 'D:/unity/2022.3.49f1/Editor/Data/MonoBleedingEdge/lib/mono/unityjit-win32'
Mono config path = 'D:/unity/2022.3.49f1/Editor/Data/MonoBleedingEdge/etc'
Using monoOptions --debugger-agent=transport=dt_socket,embedding=1,server=y,suspend=n,address=127.0.0.1:56604
Begin MonoManager ReloadAssembly
Registering precompiled unity dll's ...
Register platform support module: D:/unity/2022.3.49f1/Editor/Data/PlaybackEngines/WindowsStandaloneSupport/UnityEditor.WindowsStandalone.Extensions.dll
Registered in 0.005069 seconds.
- Loaded All Assemblies, in  0.403 seconds
Native extension for WindowsStandalone target not found
Mono: successfully reloaded assembly
- Finished resetting the current domain, in  0.316 seconds
Domain Reload Profiling: 719ms
	BeginReloadAssembly (122ms)
		ExecutionOrderSort (0ms)
		DisableScriptedObjects (0ms)
		BackupInstance (0ms)
		ReleaseScriptingObjects (0ms)
		CreateAndSetChildDomain (1ms)
	RebuildCommonClasses (36ms)
	RebuildNativeTypeToScriptingClass (13ms)
	initialDomainReloadingComplete (72ms)
	LoadAllAssembliesAndSetupDomain (160ms)
		LoadAssemblies (121ms)
		RebuildTransferFunctionScriptingTraits (0ms)
		AnalyzeDomain (158ms)
			TypeCache.Refresh (155ms)
				TypeCache.ScanAssembly (139ms)
			ScanForSourceGeneratedMonoScriptInfo (1ms)
			ResolveRequiredComponents (1ms)
	FinalizeReload (316ms)
		ReleaseScriptCaches (0ms)
		RebuildScriptCaches (0ms)
		SetupLoadedEditorAssemblies (261ms)
			LogAssemblyErrors (0ms)
			InitializePlatformSupportModulesInManaged (12ms)
			SetLoadedEditorAssemblies (8ms)
			RefreshPlugins (0ms)
			BeforeProcessingInitializeOnLoad (2ms)
			ProcessInitializeOnLoadAttributes (182ms)
			ProcessInitializeOnLoadMethodAttributes (56ms)
			AfterProcessingInitializeOnLoad (0ms)
			EditorAssembliesLoaded (0ms)
		ExecutionOrderSort2 (0ms)
		AwakeInstancesAfterBackupRestoration (0ms)
========================================================================
Worker process is ready to serve import requests
Caller must complete domain reload
Begin MonoManager ReloadAssembly
- Loaded All Assemblies, in  0.852 seconds
Native extension for WindowsStandalone target not found
System.Exception: Error! Visual Scripting: couldn't find visual scripting package
  at Unity.VisualScripting.PackageVersionUtility.get_version () [0x00043] in .\Library\PackageCache\com.unity.visualscripting@1.9.4\Editor\VisualScripting.Core\Utilities\PackageVersionUtility.cs:31 
  at Unity.VisualScripting.BoltCoreManifest.get_version () [0x00000] in .\Library\PackageCache\com.unity.visualscripting@1.9.4\Editor\VisualScripting.Core\Plugin\BoltCoreManifest.cs:11 
  at Unity.VisualScripting.PluginManifest.get_currentVersion () [0x00000] in .\Library\PackageCache\com.unity.visualscripting@1.9.4\Editor\VisualScripting.Core\Plugins\PluginManifest.cs:33 
  at Unity.VisualScripting.PluginManifest.get_versionMismatch () [0x00000] in .\Library\PackageCache\com.unity.visualscripting@1.9.4\Editor\VisualScripting.Core\Plugins\PluginManifest.cs:48 
  at Unity.VisualScripting.PluginContainer.Initialize () [0x00525] in .\Library\PackageCache\com.unity.visualscripting@1.9.4\Editor\VisualScripting.Core\Plugins\PluginContainer.cs:208 
  at Unity.VisualScripting.PluginContainer.InitializeOnLoad () [0x00009] in .\Library\PackageCache\com.unity.visualscripting@1.9.4\Editor\VisualScripting.Core\Plugins\PluginContainer.cs:32 
  at Unity.VisualScripting.VSUsageUtility.DoInitializeOnLoadCalls () [0x00034] in .\Library\PackageCache\com.unity.visualscripting@1.9.4\Editor\VisualScripting.Core\Utilities\VSUsageUtility.cs:76 
  at Unity.VisualScripting.VSUsageUtility.set_isVisualScriptingUsed (System.Boolean value) [0x0002c] in .\Library\PackageCache\com.unity.visualscripting@1.9.4\Editor\VisualScripting.Core\Utilities\VSUsageUtility.cs:114 
  at Unity.VisualScripting.VSUsageUtility.CheckAndSetIsVisualScriptingUsed () [0x00032] in .\Library\PackageCache\com.unity.visualscripting@1.9.4\Editor\VisualScripting.Core\Utilities\VSUsageUtility.cs:48 
  at Unity.VisualScripting.VSUsageUtility..cctor () [0x00000] in .\Library\PackageCache\com.unity.visualscripting@1.9.4\Editor\VisualScripting.Core\Utilities\VSUsageUtility.cs:22 
UnityEngine.StackTraceUtility:ExtractStackTrace ()
UnityEngine.DebugLogHandler:LogFormat (UnityEngine.LogType,UnityEngine.Object,string,object[])
UnityEngine.Logger:Log (UnityEngine.LogType,object)
UnityEngine.Debug:LogError (object)
UnityEditor.EditorAssemblies:ProcessInitializeOnLoadAttributes (System.Type[])

Package Manager log level set to [2]
[Package Manager] Server::EnsureServerProcessIsRunning -- launch failed, reason: Unity was launched with the -noUpm command-line argument
[Package Manager] UpmClient::Send -- Unable to send message (not connected to UPM process).
[Package Manager] Cannot connect to Unity Package Manager local server
Mono: successfully reloaded assembly
- Finished resetting the current domain, in  1.554 seconds
Domain Reload Profiling: 2406ms
	BeginReloadAssembly (171ms)
		ExecutionOrderSort (0ms)
		DisableScriptedObjects (6ms)
		BackupInstance (0ms)
		ReleaseScriptingObjects (0ms)
		CreateAndSetChildDomain (23ms)
	RebuildCommonClasses (36ms)
	RebuildNativeTypeToScriptingClass (12ms)
	initialDomainReloadingComplete (44ms)
	LoadAllAssembliesAndSetupDomain (588ms)
		LoadAssemblies (411ms)
		RebuildTransferFunctionScriptingTraits (0ms)
		AnalyzeDomain (280ms)
			TypeCache.Refresh (237ms)
				TypeCache.ScanAssembly (208ms)
			ScanForSourceGeneratedMonoScriptInfo (28ms)
			ResolveRequiredComponents (12ms)
	FinalizeReload (1555ms)
		ReleaseScriptCaches (0ms)
		RebuildScriptCaches (0ms)
		SetupLoadedEditorAssemblies (1368ms)
			LogAssemblyErrors (0ms)
			InitializePlatformSupportModulesInManaged (6ms)
			SetLoadedEditorAssemblies (5ms)
			RefreshPlugins (0ms)
			BeforeProcessingInitializeOnLoad (83ms)
			ProcessInitializeOnLoadAttributes (1197ms)
			ProcessInitializeOnLoadMethodAttributes (73ms)
			AfterProcessingInitializeOnLoad (3ms)
			EditorAssembliesLoaded (0ms)
		ExecutionOrderSort2 (0ms)
		AwakeInstancesAfterBackupRestoration (9ms)
Shader 'WFX/Transparent Specular': fallback shader 'Particles/Alpha Blended' not found
Shader 'WFX/Transparent Diffuse': fallback shader 'Particles/Alpha Blended' not found
Launched and connected shader compiler UnityShaderCompiler.exe after 0.04 seconds
Refreshing native plugins compatible for Editor in 3.34 ms, found 3 plugins.
Preloading 0 native plugins for Editor in 0.00 ms.
Unloading 5180 Unused Serialized files (Serialized files now loaded: 0)
Unloading 40 unused Assets / (2.4 MB). Loaded Objects now: 5646.
Memory consumption went from 217.9 MB to 215.4 MB.
Total: 16.223600 ms (FindLiveObjects: 0.758800 ms CreateObjectMapping: 0.226300 ms MarkObjects: 14.495000 ms  DeleteObjects: 0.741100 ms)

AssetImportParameters requested are different than current active one (requested -> active):
  custom:container-demuxer-ogg: 62fdf1f143b41e24485cea50d1cbac27 -> 
  custom:video-decoder-ogg-theora: a1e56fd34408186e4bbccfd4996cb3dc -> 
  custom:framework-win-MediaFoundation: 216162199b28c13a410421893ffa2e32 -> 
  custom:CustomObjectIndexerAttribute: 3ead1caaecf1c488f20bcfeb224b6af5 -> 
  custom:container-demuxer-webm: 4f35f7cbe854078d1ac9338744f61a02 -> 
  custom:container-muxer-webm: aa71ff27fc2769a1b78a27578f13a17b -> 
  custom:video-decoder-webm-vp8: 9c59270c3fd7afecdb556c50c9e8de78 -> 
  custom:SearchIndexIgnoredProperties: e643bd26f0fe6173181afceb89e7c659 -> 
  custom:AudioImporter_EditorPlatform: d09bf68614088b80899f8185d706f6e7 -> 
  custom:video-encoder-webm-vp8: eb34c28f22e8b96e1ab97ce403110664 -> 
  custom:audio-decoder-ogg-vorbis: bf7c407c2cedff20999df2af8eb42d56 -> 
  custom:audio-encoder-webm-vorbis: bf7c407c2cedff20999df2af8eb42d56 -> 
========================================================================
Received Import Request.
  Time since last request: 2353702.318756 seconds.
  path: Assets/Laser_Gunshots_SFX_Pack1/Wave/48kHz-24bit/With_Added_Thump/Laser_Gun_Thump_P1-02.wav
  artifactKey: Guid(1ad2f7ab938614f43afc0d31247533e4) Importer(815301076,1909f56bfc062723c751e8b465ee728b)
Start importing Assets/Laser_Gunshots_SFX_Pack1/Wave/48kHz-24bit/With_Added_Thump/Laser_Gun_Thump_P1-02.wav using Guid(1ad2f7ab938614f43afc0d31247533e4) Importer(815301076,1909f56bfc062723c751e8b465ee728b) [PhysX] Initialized MultithreadedTaskDispatcher with 20 workers.
[PhysX] Initialized MultithreadedTaskDispatcher with 20 workers.
 -> (artifact id: '8ff97a4276c45c5a6e6bf84e81a16e4e') in 0.127992 seconds
Number of updated asset objects reloaded before import = 0
Number of asset objects unloaded after import = 2
========================================================================
Received Import Request.
  Time since last request: 0.000951 seconds.
  path: Assets/Laser_Gunshots_SFX_Pack1/Wave/48kHz-24bit/With_Added_Thump/Laser_Gun_Thump_P1-11.wav
  artifactKey: Guid(8cee636fda18c734b94ce9758eb5a4a1) Importer(815301076,1909f56bfc062723c751e8b465ee728b)
Start importing Assets/Laser_Gunshots_SFX_Pack1/Wave/48kHz-24bit/With_Added_Thump/Laser_Gun_Thump_P1-11.wav using Guid(8cee636fda18c734b94ce9758eb5a4a1) Importer(815301076,1909f56bfc062723c751e8b465ee728b) [PhysX] Initialized MultithreadedTaskDispatcher with 20 workers.
[PhysX] Initialized MultithreadedTaskDispatcher with 20 workers.
 -> (artifact id: '7660dac51db5d6236689955725651246') in 0.010076 seconds
Number of updated asset objects reloaded before import = 0
Number of asset objects unloaded after import = 2
========================================================================
Received Import Request.
  Time since last request: 0.000024 seconds.
  path: Assets/Laser_Gunshots_SFX_Pack1/Wave/48kHz-24bit/With_Added_Thump/Laser_Gun_Thump_P1-16.wav
  artifactKey: Guid(d56f1b8f1d9698b459c3ab8541e2c96e) Importer(815301076,1909f56bfc062723c751e8b465ee728b)
Start importing Assets/Laser_Gunshots_SFX_Pack1/Wave/48kHz-24bit/With_Added_Thump/Laser_Gun_Thump_P1-16.wav using Guid(d56f1b8f1d9698b459c3ab8541e2c96e) Importer(815301076,1909f56bfc062723c751e8b465ee728b) [PhysX] Initialized MultithreadedTaskDispatcher with 20 workers.
[PhysX] Initialized MultithreadedTaskDispatcher with 20 workers.
 -> (artifact id: '37fe85689b5b24cb91efb885ebf60541') in 0.008160 seconds
Number of updated asset objects reloaded before import = 0
Number of asset objects unloaded after import = 2
========================================================================
Received Import Request.
  Time since last request: 0.000026 seconds.
  path: Assets/Laser_Gunshots_SFX_Pack1/Wave/48kHz-24bit/With_Added_Thump/Laser_Gun_Thump_P1-66.wav
  artifactKey: Guid(47461c972feffc04dba9d03130cf30cb) Importer(815301076,1909f56bfc062723c751e8b465ee728b)
Start importing Assets/Laser_Gunshots_SFX_Pack1/Wave/48kHz-24bit/With_Added_Thump/Laser_Gun_Thump_P1-66.wav using Guid(47461c972feffc04dba9d03130cf30cb) Importer(815301076,1909f56bfc062723c751e8b465ee728b) [PhysX] Initialized MultithreadedTaskDispatcher with 20 workers.
[PhysX] Initialized MultithreadedTaskDispatcher with 20 workers.
 -> (artifact id: '6b3437a0b8dadb86f17bf1309ac0801c') in 0.008762 seconds
Number of updated asset objects reloaded before import = 0
Number of asset objects unloaded after import = 2
========================================================================
Received Import Request.
  Time since last request: 0.000033 seconds.
  path: Assets/Laser_Gunshots_SFX_Pack1/Wave/48kHz-24bit/With_Added_Thump/Laser_Gun_Thump_P1-46.wav
  artifactKey: Guid(ec6ac9fe1dd483048b4382b6e704d598) Importer(815301076,1909f56bfc062723c751e8b465ee728b)
Start importing Assets/Laser_Gunshots_SFX_Pack1/Wave/48kHz-24bit/With_Added_Thump/Laser_Gun_Thump_P1-46.wav using Guid(ec6ac9fe1dd483048b4382b6e704d598) Importer(815301076,1909f56bfc062723c751e8b465ee728b) [PhysX] Initialized MultithreadedTaskDispatcher with 20 workers.
[PhysX] Initialized MultithreadedTaskDispatcher with 20 workers.
 -> (artifact id: '41b136010ed793e2a1382a715b052beb') in 0.010115 seconds
Number of updated asset objects reloaded before import = 0
Number of asset objects unloaded after import = 2
========================================================================
Received Import Request.
  Time since last request: 0.000023 seconds.
  path: Assets/Laser_Gunshots_SFX_Pack1/Wave/48kHz-24bit/With_Added_Thump/Laser_Gun_Thump_P1-31.wav
  artifactKey: Guid(90dbf7e1065e1414583f8678a7c5ddfb) Importer(815301076,1909f56bfc062723c751e8b465ee728b)
Start importing Assets/Laser_Gunshots_SFX_Pack1/Wave/48kHz-24bit/With_Added_Thump/Laser_Gun_Thump_P1-31.wav using Guid(90dbf7e1065e1414583f8678a7c5ddfb) Importer(815301076,1909f56bfc062723c751e8b465ee728b) [PhysX] Initialized MultithreadedTaskDispatcher with 20 workers.
[PhysX] Initialized MultithreadedTaskDispatcher with 20 workers.
 -> (artifact id: 'e722304b5b567827240e92b5197bfeae') in 0.008258 seconds
Number of updated asset objects reloaded before import = 0
Number of asset objects unloaded after import = 2
========================================================================
Received Import Request.
  Time since last request: 0.000023 seconds.
  path: Assets/Laser_Gunshots_SFX_Pack1/Wave/48kHz-24bit/With_Added_Thump/Laser_Gun_Thump_P1-50.wav
  artifactKey: Guid(dd37a4a3891339a4eb9cf0ab1b0335a2) Importer(815301076,1909f56bfc062723c751e8b465ee728b)
Start importing Assets/Laser_Gunshots_SFX_Pack1/Wave/48kHz-24bit/With_Added_Thump/Laser_Gun_Thump_P1-50.wav using Guid(dd37a4a3891339a4eb9cf0ab1b0335a2) Importer(815301076,1909f56bfc062723c751e8b465ee728b) [PhysX] Initialized MultithreadedTaskDispatcher with 20 workers.
[PhysX] Initialized MultithreadedTaskDispatcher with 20 workers.
 -> (artifact id: 'e9a5ee91d5b3e1783b3ed4ec75bae609') in 0.007996 seconds
Number of updated asset objects reloaded before import = 0
Number of asset objects unloaded after import = 2
========================================================================
Received Import Request.
  Time since last request: 0.000016 seconds.
  path: Assets/Laser_Gunshots_SFX_Pack1/Wave/48kHz-24bit/With_Added_Thump/Laser_Gun_Thump_P1-39.wav
  artifactKey: Guid(7774f9500fd251e4c9209aeb9836baba) Importer(815301076,1909f56bfc062723c751e8b465ee728b)
Start importing Assets/Laser_Gunshots_SFX_Pack1/Wave/48kHz-24bit/With_Added_Thump/Laser_Gun_Thump_P1-39.wav using Guid(7774f9500fd251e4c9209aeb9836baba) Importer(815301076,1909f56bfc062723c751e8b465ee728b) [PhysX] Initialized MultithreadedTaskDispatcher with 20 workers.
[PhysX] Initialized MultithreadedTaskDispatcher with 20 workers.
 -> (artifact id: '3ad1ac4d7d2b3910f72458b207878cee') in 0.012536 seconds
Number of updated asset objects reloaded before import = 0
Number of asset objects unloaded after import = 2
========================================================================
Received Import Request.
  Time since last request: 0.000031 seconds.
  path: Assets/Laser_Gunshots_SFX_Pack1/Wave/48kHz-24bit/With_Added_Thump/Laser_Gun_Thump_P1-58.wav
  artifactKey: Guid(2c5b5d0ab55acb947b3b98da5c855aee) Importer(815301076,1909f56bfc062723c751e8b465ee728b)
Start importing Assets/Laser_Gunshots_SFX_Pack1/Wave/48kHz-24bit/With_Added_Thump/Laser_Gun_Thump_P1-58.wav using Guid(2c5b5d0ab55acb947b3b98da5c855aee) Importer(815301076,1909f56bfc062723c751e8b465ee728b) [PhysX] Initialized MultithreadedTaskDispatcher with 20 workers.
[PhysX] Initialized MultithreadedTaskDispatcher with 20 workers.
 -> (artifact id: '0dfe2172003639ce44b52adb52423289') in 0.009517 seconds
Number of updated asset objects reloaded before import = 0
Number of asset objects unloaded after import = 2
========================================================================
Received Import Request.
  Time since last request: 0.000030 seconds.
  path: Assets/Laser_Gunshots_SFX_Pack1/Wave/48kHz-24bit/With_Added_Thump/Laser_Gun_Thump_P1-40.wav
  artifactKey: Guid(34a3b7746b8d65b4db6d7be045c50fa5) Importer(815301076,1909f56bfc062723c751e8b465ee728b)
Start importing Assets/Laser_Gunshots_SFX_Pack1/Wave/48kHz-24bit/With_Added_Thump/Laser_Gun_Thump_P1-40.wav using Guid(34a3b7746b8d65b4db6d7be045c50fa5) Importer(815301076,1909f56bfc062723c751e8b465ee728b) [PhysX] Initialized MultithreadedTaskDispatcher with 20 workers.
[PhysX] Initialized MultithreadedTaskDispatcher with 20 workers.
 -> (artifact id: 'e5ce0cdc8f509c70b4205ebfe6f0934a') in 0.009837 seconds
Number of updated asset objects reloaded before import = 0
Number of asset objects unloaded after import = 2
========================================================================
Received Import Request.
  Time since last request: 0.000029 seconds.
  path: Assets/Laser_Gunshots_SFX_Pack1/Wave/48kHz-24bit/With_Added_Thump/Laser_Gun_Thump_P1-71.wav
  artifactKey: Guid(ef6faf1d28cb0e24ab80ad31c5b37ed1) Importer(815301076,1909f56bfc062723c751e8b465ee728b)
Start importing Assets/Laser_Gunshots_SFX_Pack1/Wave/48kHz-24bit/With_Added_Thump/Laser_Gun_Thump_P1-71.wav using Guid(ef6faf1d28cb0e24ab80ad31c5b37ed1) Importer(815301076,1909f56bfc062723c751e8b465ee728b) [PhysX] Initialized MultithreadedTaskDispatcher with 20 workers.
[PhysX] Initialized MultithreadedTaskDispatcher with 20 workers.
 -> (artifact id: '02d6deb12e8ac31aed178ecdf11cead9') in 0.010545 seconds
Number of updated asset objects reloaded before import = 0
Number of asset objects unloaded after import = 2
========================================================================
Received Import Request.
  Time since last request: 0.000039 seconds.
  path: Assets/Laser_Gunshots_SFX_Pack1/Wave/48kHz-24bit/With_Added_Thump/Laser_Gun_Thump_P1-75.wav
  artifactKey: Guid(59274dd0779a6664daf7cf760f5c8d07) Importer(815301076,1909f56bfc062723c751e8b465ee728b)
Start importing Assets/Laser_Gunshots_SFX_Pack1/Wave/48kHz-24bit/With_Added_Thump/Laser_Gun_Thump_P1-75.wav using Guid(59274dd0779a6664daf7cf760f5c8d07) Importer(815301076,1909f56bfc062723c751e8b465ee728b) [PhysX] Initialized MultithreadedTaskDispatcher with 20 workers.
[PhysX] Initialized MultithreadedTaskDispatcher with 20 workers.
 -> (artifact id: '6e7a7ca39cd94d983d8cdddbe5cfd152') in 0.041160 seconds
Number of updated asset objects reloaded before import = 0
Number of asset objects unloaded after import = 2
========================================================================
Received Import Request.
  Time since last request: 0.000021 seconds.
  path: Assets/Laser_Gunshots_SFX_Pack1/Wave/48kHz-24bit/With_Added_Thump/Laser_Gun_Thump_P1-64.wav
  artifactKey: Guid(db9e6b7ca9fc9ef41a53692b6fd954fb) Importer(815301076,1909f56bfc062723c751e8b465ee728b)
Start importing Assets/Laser_Gunshots_SFX_Pack1/Wave/48kHz-24bit/With_Added_Thump/Laser_Gun_Thump_P1-64.wav using Guid(db9e6b7ca9fc9ef41a53692b6fd954fb) Importer(815301076,1909f56bfc062723c751e8b465ee728b) [PhysX] Initialized MultithreadedTaskDispatcher with 20 workers.
[PhysX] Initialized MultithreadedTaskDispatcher with 20 workers.
 -> (artifact id: '4978214d2215ae9241703e4dcf106b63') in 0.010238 seconds
Number of updated asset objects reloaded before import = 0
Number of asset objects unloaded after import = 2
========================================================================
Received Import Request.
  Time since last request: 0.685707 seconds.
  path: Assets/Laser_Gunshots_SFX_Pack1/Wave/48kHz-24bit/With_Added_Thump/Laser_Gun_Thump_P1-79.wav
  artifactKey: Guid(a4bbac6b2b325f147ba421493e6f0281) Importer(815301076,1909f56bfc062723c751e8b465ee728b)
Start importing Assets/Laser_Gunshots_SFX_Pack1/Wave/48kHz-24bit/With_Added_Thump/Laser_Gun_Thump_P1-79.wav using Guid(a4bbac6b2b325f147ba421493e6f0281) Importer(815301076,1909f56bfc062723c751e8b465ee728b) [PhysX] Initialized MultithreadedTaskDispatcher with 20 workers.
[PhysX] Initialized MultithreadedTaskDispatcher with 20 workers.
 -> (artifact id: '2c1bcce8de33665cfb877c5fc8fa0474') in 0.011141 seconds
Number of updated asset objects reloaded before import = 0
Number of asset objects unloaded after import = 2
========================================================================
Received Import Request.
  Time since last request: 0.000030 seconds.
  path: Assets/Laser_Gunshots_SFX_Pack1/Wave/48kHz-24bit/With_Added_Thump/Laser_Gun_Thump_P1-90.wav
  artifactKey: Guid(b7e4ae93a84fc5347b659ba22c762322) Importer(815301076,1909f56bfc062723c751e8b465ee728b)
Start importing Assets/Laser_Gunshots_SFX_Pack1/Wave/48kHz-24bit/With_Added_Thump/Laser_Gun_Thump_P1-90.wav using Guid(b7e4ae93a84fc5347b659ba22c762322) Importer(815301076,1909f56bfc062723c751e8b465ee728b) [PhysX] Initialized MultithreadedTaskDispatcher with 20 workers.
[PhysX] Initialized MultithreadedTaskDispatcher with 20 workers.
 -> (artifact id: '3f95a5e9a1c02fe9f1f8eca3b3cc4364') in 0.009831 seconds
Number of updated asset objects reloaded before import = 0
Number of asset objects unloaded after import = 2
========================================================================
Received Import Request.
  Time since last request: 0.000021 seconds.
  path: Assets/Laser_Gunshots_SFX_Pack1/Wave/48kHz-24bit/With_Added_Thump/Laser_Gun_Thump_P1-94.wav
  artifactKey: Guid(9a2ef0f9f1e6b714b9598096624a1c67) Importer(815301076,1909f56bfc062723c751e8b465ee728b)
Start importing Assets/Laser_Gunshots_SFX_Pack1/Wave/48kHz-24bit/With_Added_Thump/Laser_Gun_Thump_P1-94.wav using Guid(9a2ef0f9f1e6b714b9598096624a1c67) Importer(815301076,1909f56bfc062723c751e8b465ee728b) [PhysX] Initialized MultithreadedTaskDispatcher with 20 workers.
[PhysX] Initialized MultithreadedTaskDispatcher with 20 workers.
 -> (artifact id: 'c604a41a235d3c2596db7aa80dccab90') in 0.011303 seconds
Number of updated asset objects reloaded before import = 0
Number of asset objects unloaded after import = 2
========================================================================
Received Import Request.
  Time since last request: 0.000045 seconds.
  path: Assets/Laser_Gunshots_SFX_Pack1/Wave/48kHz-24bit/With_Added_Thump/Laser_Gun_Thump_P1-85.wav
  artifactKey: Guid(86255d2464891a441bcee56e5c23d7ae) Importer(815301076,1909f56bfc062723c751e8b465ee728b)
Start importing Assets/Laser_Gunshots_SFX_Pack1/Wave/48kHz-24bit/With_Added_Thump/Laser_Gun_Thump_P1-85.wav using Guid(86255d2464891a441bcee56e5c23d7ae) Importer(815301076,1909f56bfc062723c751e8b465ee728b) [PhysX] Initialized MultithreadedTaskDispatcher with 20 workers.
[PhysX] Initialized MultithreadedTaskDispatcher with 20 workers.
 -> (artifact id: '64b3a0a7801485dfc5bc238f3577df57') in 0.005791 seconds
Number of updated asset objects reloaded before import = 0
Number of asset objects unloaded after import = 2
========================================================================
Received Import Request.
  Time since last request: 0.604922 seconds.
  path: Assets/Laser_Gunshots_SFX_Pack1/Wave/48kHz-24bit/With_Added_Thump/Laser_Gun_Thump_P1-98.wav
  artifactKey: Guid(0f42a278f17f8c943ad198d82daa60f9) Importer(815301076,1909f56bfc062723c751e8b465ee728b)
Start importing Assets/Laser_Gunshots_SFX_Pack1/Wave/48kHz-24bit/With_Added_Thump/Laser_Gun_Thump_P1-98.wav using Guid(0f42a278f17f8c943ad198d82daa60f9) Importer(815301076,1909f56bfc062723c751e8b465ee728b) [PhysX] Initialized MultithreadedTaskDispatcher with 20 workers.
[PhysX] Initialized MultithreadedTaskDispatcher with 20 workers.
 -> (artifact id: 'b07fd365fabf95bd3ecd61fb2adfc0de') in 0.009409 seconds
Number of updated asset objects reloaded before import = 0
Number of asset objects unloaded after import = 2
========================================================================
Received Import Request.
  Time since last request: 0.000032 seconds.
  path: Assets/Laser_Gunshots_SFX_Pack1/Wave/48kHz-24bit/With_Added_Thump/Laser_Gun_Thump_P1-102.wav
  artifactKey: Guid(160e65257ab203a4b88cc9dc7b213e7b) Importer(815301076,1909f56bfc062723c751e8b465ee728b)
Start importing Assets/Laser_Gunshots_SFX_Pack1/Wave/48kHz-24bit/With_Added_Thump/Laser_Gun_Thump_P1-102.wav using Guid(160e65257ab203a4b88cc9dc7b213e7b) Importer(815301076,1909f56bfc062723c751e8b465ee728b) [PhysX] Initialized MultithreadedTaskDispatcher with 20 workers.
[PhysX] Initialized MultithreadedTaskDispatcher with 20 workers.
 -> (artifact id: 'b1ea6bc0b5d87077c876317ee8e35769') in 0.012977 seconds
Number of updated asset objects reloaded before import = 0
Number of asset objects unloaded after import = 2
========================================================================
Received Import Request.
  Time since last request: 0.000026 seconds.
  path: Assets/Laser_Gunshots_SFX_Pack1/Wave/48kHz-24bit/With_Added_Thump/Laser_Gun_Thump_P1-101.wav
  artifactKey: Guid(c8b11258df5a32e43b05f7d35f4884f3) Importer(815301076,1909f56bfc062723c751e8b465ee728b)
Start importing Assets/Laser_Gunshots_SFX_Pack1/Wave/48kHz-24bit/With_Added_Thump/Laser_Gun_Thump_P1-101.wav using Guid(c8b11258df5a32e43b05f7d35f4884f3) Importer(815301076,1909f56bfc062723c751e8b465ee728b) [PhysX] Initialized MultithreadedTaskDispatcher with 20 workers.
[PhysX] Initialized MultithreadedTaskDispatcher with 20 workers.
 -> (artifact id: 'c07340560a01425abd950a7368ba3352') in 0.014553 seconds
Number of updated asset objects reloaded before import = 0
Number of asset objects unloaded after import = 2
========================================================================
Received Import Request.
  Time since last request: 0.000030 seconds.
  path: Assets/Laser_Gunshots_SFX_Pack1/Wave/48kHz-24bit/With_Added_Thump/Laser_Gun_Thump_P1-114.wav
  artifactKey: Guid(42294761698d5ce46962eadca46137eb) Importer(815301076,1909f56bfc062723c751e8b465ee728b)
Start importing Assets/Laser_Gunshots_SFX_Pack1/Wave/48kHz-24bit/With_Added_Thump/Laser_Gun_Thump_P1-114.wav using Guid(42294761698d5ce46962eadca46137eb) Importer(815301076,1909f56bfc062723c751e8b465ee728b) [PhysX] Initialized MultithreadedTaskDispatcher with 20 workers.
[PhysX] Initialized MultithreadedTaskDispatcher with 20 workers.
 -> (artifact id: 'a5ba04dbcf65df562d1946c2e417ef78') in 0.005350 seconds
Number of updated asset objects reloaded before import = 0
Number of asset objects unloaded after import = 2
========================================================================
Received Import Request.
  Time since last request: 0.020102 seconds.
  path: Assets/Laser_Gunshots_SFX_Pack1/Wave/48kHz-24bit/With_Added_Thump/Laser_Gun_Thump_P1-117.wav
  artifactKey: Guid(a4969f6f96e070b4496e833931d9ecd2) Importer(815301076,1909f56bfc062723c751e8b465ee728b)
Start importing Assets/Laser_Gunshots_SFX_Pack1/Wave/48kHz-24bit/With_Added_Thump/Laser_Gun_Thump_P1-117.wav using Guid(a4969f6f96e070b4496e833931d9ecd2) Importer(815301076,1909f56bfc062723c751e8b465ee728b) [PhysX] Initialized MultithreadedTaskDispatcher with 20 workers.
[PhysX] Initialized MultithreadedTaskDispatcher with 20 workers.
 -> (artifact id: '882d299b4f8e0df7f0b8f05e619f4eac') in 0.007727 seconds
Number of updated asset objects reloaded before import = 0
Number of asset objects unloaded after import = 2
========================================================================
Received Import Request.
  Time since last request: 41.381398 seconds.
  path: Assets/Laser_Gunshots_SFX_Pack1/Wave/48kHz-24bit/No_Thump/Laser_Gun_P1-02.wav
  artifactKey: Guid(e44a2765bd700bd49ad34401395938fc) Importer(815301076,1909f56bfc062723c751e8b465ee728b)
Start importing Assets/Laser_Gunshots_SFX_Pack1/Wave/48kHz-24bit/No_Thump/Laser_Gun_P1-02.wav using Guid(e44a2765bd700bd49ad34401395938fc) Importer(815301076,1909f56bfc062723c751e8b465ee728b) [PhysX] Initialized MultithreadedTaskDispatcher with 20 workers.
[PhysX] Initialized MultithreadedTaskDispatcher with 20 workers.
 -> (artifact id: '11bbf041320519587cc8552260ef899f') in 0.008676 seconds
Number of updated asset objects reloaded before import = 0
Number of asset objects unloaded after import = 2
========================================================================
Received Import Request.
  Time since last request: 0.000016 seconds.
  path: Assets/Laser_Gunshots_SFX_Pack1/Wave/48kHz-24bit/No_Thump/Laser_Gun_P1-46.wav
  artifactKey: Guid(aed7a3dfcd2104549826b6e56230d445) Importer(815301076,1909f56bfc062723c751e8b465ee728b)
Start importing Assets/Laser_Gunshots_SFX_Pack1/Wave/48kHz-24bit/No_Thump/Laser_Gun_P1-46.wav using Guid(aed7a3dfcd2104549826b6e56230d445) Importer(815301076,1909f56bfc062723c751e8b465ee728b) [PhysX] Initialized MultithreadedTaskDispatcher with 20 workers.
[PhysX] Initialized MultithreadedTaskDispatcher with 20 workers.
 -> (artifact id: 'd79f2018e29a88c2d05f12967f807d9a') in 0.008618 seconds
Number of updated asset objects reloaded before import = 0
Number of asset objects unloaded after import = 2
========================================================================
Received Import Request.
  Time since last request: 0.000035 seconds.
  path: Assets/Laser_Gunshots_SFX_Pack1/Wave/48kHz-24bit/No_Thump/Laser_Gun_P1-72.wav
  artifactKey: Guid(83a8550b45cc9e24d85b0fc435d9767a) Importer(815301076,1909f56bfc062723c751e8b465ee728b)
Start importing Assets/Laser_Gunshots_SFX_Pack1/Wave/48kHz-24bit/No_Thump/Laser_Gun_P1-72.wav using Guid(83a8550b45cc9e24d85b0fc435d9767a) Importer(815301076,1909f56bfc062723c751e8b465ee728b) [PhysX] Initialized MultithreadedTaskDispatcher with 20 workers.
[PhysX] Initialized MultithreadedTaskDispatcher with 20 workers.
 -> (artifact id: 'd5cf14d42de7d500fd17cc11c0170b30') in 0.007236 seconds
Number of updated asset objects reloaded before import = 0
Number of asset objects unloaded after import = 2
========================================================================
Received Import Request.
  Time since last request: 0.000029 seconds.
  path: Assets/Laser_Gunshots_SFX_Pack1/Wave/48kHz-24bit/No_Thump/Laser_Gun_P1-15.wav
  artifactKey: Guid(990f7d607e1c3eb4488ad796116a1315) Importer(815301076,1909f56bfc062723c751e8b465ee728b)
Start importing Assets/Laser_Gunshots_SFX_Pack1/Wave/48kHz-24bit/No_Thump/Laser_Gun_P1-15.wav using Guid(990f7d607e1c3eb4488ad796116a1315) Importer(815301076,1909f56bfc062723c751e8b465ee728b) [PhysX] Initialized MultithreadedTaskDispatcher with 20 workers.
[PhysX] Initialized MultithreadedTaskDispatcher with 20 workers.
 -> (artifact id: '215b09c958eb67999207a7b8320f2f1b') in 0.007558 seconds
Number of updated asset objects reloaded before import = 0
Number of asset objects unloaded after import = 2
========================================================================
Received Import Request.
  Time since last request: 0.000027 seconds.
  path: Assets/Laser_Gunshots_SFX_Pack1/Wave/48kHz-24bit/No_Thump/Laser_Gun_P1-05.wav
  artifactKey: Guid(e1e6461d9b5fae34b8b1194e14d85919) Importer(815301076,1909f56bfc062723c751e8b465ee728b)
Start importing Assets/Laser_Gunshots_SFX_Pack1/Wave/48kHz-24bit/No_Thump/Laser_Gun_P1-05.wav using Guid(e1e6461d9b5fae34b8b1194e14d85919) Importer(815301076,1909f56bfc062723c751e8b465ee728b) [PhysX] Initialized MultithreadedTaskDispatcher with 20 workers.
[PhysX] Initialized MultithreadedTaskDispatcher with 20 workers.
 -> (artifact id: 'cdbc30b368875e25c863055eb2133b4f') in 0.010212 seconds
Number of updated asset objects reloaded before import = 0
Number of asset objects unloaded after import = 2
========================================================================
Received Import Request.
  Time since last request: 0.000018 seconds.
  path: Assets/Laser_Gunshots_SFX_Pack1/Wave/48kHz-24bit/No_Thump/Laser_Gun_P1-76.wav
  artifactKey: Guid(f54b50c814fd3864c8fdd32dc6f506ab) Importer(815301076,1909f56bfc062723c751e8b465ee728b)
Start importing Assets/Laser_Gunshots_SFX_Pack1/Wave/48kHz-24bit/No_Thump/Laser_Gun_P1-76.wav using Guid(f54b50c814fd3864c8fdd32dc6f506ab) Importer(815301076,1909f56bfc062723c751e8b465ee728b) [PhysX] Initialized MultithreadedTaskDispatcher with 20 workers.
[PhysX] Initialized MultithreadedTaskDispatcher with 20 workers.
 -> (artifact id: 'e3cc761842b844a8fe3f442966c92718') in 0.010036 seconds
Number of updated asset objects reloaded before import = 0
Number of asset objects unloaded after import = 2
========================================================================
Received Import Request.
  Time since last request: 0.000023 seconds.
  path: Assets/Laser_Gunshots_SFX_Pack1/Wave/48kHz-24bit/No_Thump/Laser_Gun_P1-23.wav
  artifactKey: Guid(e8e8fd1a5f93e86418a58370ae633534) Importer(815301076,1909f56bfc062723c751e8b465ee728b)
Start importing Assets/Laser_Gunshots_SFX_Pack1/Wave/48kHz-24bit/No_Thump/Laser_Gun_P1-23.wav using Guid(e8e8fd1a5f93e86418a58370ae633534) Importer(815301076,1909f56bfc062723c751e8b465ee728b) [PhysX] Initialized MultithreadedTaskDispatcher with 20 workers.
[PhysX] Initialized MultithreadedTaskDispatcher with 20 workers.
 -> (artifact id: '313e376a93fee6059f8103f2fc808484') in 0.010187 seconds
Number of updated asset objects reloaded before import = 0
Number of asset objects unloaded after import = 2
========================================================================
Received Import Request.
  Time since last request: 0.000019 seconds.
  path: Assets/Laser_Gunshots_SFX_Pack1/Wave/48kHz-24bit/No_Thump/Laser_Gun_P1-55.wav
  artifactKey: Guid(a68411816fd7db34c99555d4b6e07114) Importer(815301076,1909f56bfc062723c751e8b465ee728b)
Start importing Assets/Laser_Gunshots_SFX_Pack1/Wave/48kHz-24bit/No_Thump/Laser_Gun_P1-55.wav using Guid(a68411816fd7db34c99555d4b6e07114) Importer(815301076,1909f56bfc062723c751e8b465ee728b) [PhysX] Initialized MultithreadedTaskDispatcher with 20 workers.
[PhysX] Initialized MultithreadedTaskDispatcher with 20 workers.
 -> (artifact id: 'fcf41a9523ab5b64f153bea949f78dae') in 0.011701 seconds
Number of updated asset objects reloaded before import = 0
Number of asset objects unloaded after import = 2
========================================================================
Received Import Request.
  Time since last request: 0.000023 seconds.
  path: Assets/Laser_Gunshots_SFX_Pack1/Wave/48kHz-24bit/No_Thump/Laser_Gun_P1-08.wav
  artifactKey: Guid(4bad475e552fd3841b60d2ebfddf2f5f) Importer(815301076,1909f56bfc062723c751e8b465ee728b)
Start importing Assets/Laser_Gunshots_SFX_Pack1/Wave/48kHz-24bit/No_Thump/Laser_Gun_P1-08.wav using Guid(4bad475e552fd3841b60d2ebfddf2f5f) Importer(815301076,1909f56bfc062723c751e8b465ee728b) [PhysX] Initialized MultithreadedTaskDispatcher with 20 workers.
[PhysX] Initialized MultithreadedTaskDispatcher with 20 workers.
 -> (artifact id: '169d6011bd543944e0af885b72a05bcd') in 0.006443 seconds
Number of updated asset objects reloaded before import = 0
Number of asset objects unloaded after import = 2
========================================================================
Received Import Request.
  Time since last request: 0.000025 seconds.
  path: Assets/Laser_Gunshots_SFX_Pack1/Wave/48kHz-24bit/No_Thump/Laser_Gun_P1-45.wav
  artifactKey: Guid(a91707637363dbb4ca6e32cef1f69dab) Importer(815301076,1909f56bfc062723c751e8b465ee728b)
Start importing Assets/Laser_Gunshots_SFX_Pack1/Wave/48kHz-24bit/No_Thump/Laser_Gun_P1-45.wav using Guid(a91707637363dbb4ca6e32cef1f69dab) Importer(815301076,1909f56bfc062723c751e8b465ee728b) [PhysX] Initialized MultithreadedTaskDispatcher with 20 workers.
[PhysX] Initialized MultithreadedTaskDispatcher with 20 workers.
 -> (artifact id: '572b873bd1c553aaa0d8b7b7fa577b74') in 0.008500 seconds
Number of updated asset objects reloaded before import = 0
Number of asset objects unloaded after import = 2
========================================================================
Received Import Request.
  Time since last request: 0.000026 seconds.
  path: Assets/Laser_Gunshots_SFX_Pack1/Wave/48kHz-24bit/No_Thump/Laser_Gun_P1-49.wav
  artifactKey: Guid(1360fe38449afeb42bb7dbcb4d6c1dbd) Importer(815301076,1909f56bfc062723c751e8b465ee728b)
Start importing Assets/Laser_Gunshots_SFX_Pack1/Wave/48kHz-24bit/No_Thump/Laser_Gun_P1-49.wav using Guid(1360fe38449afeb42bb7dbcb4d6c1dbd) Importer(815301076,1909f56bfc062723c751e8b465ee728b) [PhysX] Initialized MultithreadedTaskDispatcher with 20 workers.
[PhysX] Initialized MultithreadedTaskDispatcher with 20 workers.
 -> (artifact id: 'e62e594d61f0b74b200c97d9804cc06e') in 0.015142 seconds
Number of updated asset objects reloaded before import = 0
Number of asset objects unloaded after import = 2
========================================================================
Received Import Request.
  Time since last request: 0.000019 seconds.
  path: Assets/Laser_Gunshots_SFX_Pack1/Wave/48kHz-24bit/No_Thump/Laser_Gun_P1-65.wav
  artifactKey: Guid(2ef66e9f92a5c4b429d3ed35fd672c00) Importer(815301076,1909f56bfc062723c751e8b465ee728b)
Start importing Assets/Laser_Gunshots_SFX_Pack1/Wave/48kHz-24bit/No_Thump/Laser_Gun_P1-65.wav using Guid(2ef66e9f92a5c4b429d3ed35fd672c00) Importer(815301076,1909f56bfc062723c751e8b465ee728b) [PhysX] Initialized MultithreadedTaskDispatcher with 20 workers.
[PhysX] Initialized MultithreadedTaskDispatcher with 20 workers.
 -> (artifact id: '23af39793b491a316188ae6552547a8d') in 0.009737 seconds
Number of updated asset objects reloaded before import = 0
Number of asset objects unloaded after import = 2
========================================================================
Received Import Request.
  Time since last request: 0.000016 seconds.
  path: Assets/Laser_Gunshots_SFX_Pack1/Wave/48kHz-24bit/No_Thump/Laser_Gun_P1-37.wav
  artifactKey: Guid(9c7e1ef2dbe093e43835c4475af4743b) Importer(815301076,1909f56bfc062723c751e8b465ee728b)
Start importing Assets/Laser_Gunshots_SFX_Pack1/Wave/48kHz-24bit/No_Thump/Laser_Gun_P1-37.wav using Guid(9c7e1ef2dbe093e43835c4475af4743b) Importer(815301076,1909f56bfc062723c751e8b465ee728b) [PhysX] Initialized MultithreadedTaskDispatcher with 20 workers.
[PhysX] Initialized MultithreadedTaskDispatcher with 20 workers.
 -> (artifact id: 'eec39d062e1de712b4478db849c10176') in 0.015324 seconds
Number of updated asset objects reloaded before import = 0
Number of asset objects unloaded after import = 2
========================================================================
Received Import Request.
  Time since last request: 0.000029 seconds.
  path: Assets/Laser_Gunshots_SFX_Pack1/Wave/48kHz-24bit/No_Thump/Laser_Gun_P1-39.wav
  artifactKey: Guid(f07624255c518e144a6f6f7e436c2698) Importer(815301076,1909f56bfc062723c751e8b465ee728b)
Start importing Assets/Laser_Gunshots_SFX_Pack1/Wave/48kHz-24bit/No_Thump/Laser_Gun_P1-39.wav using Guid(f07624255c518e144a6f6f7e436c2698) Importer(815301076,1909f56bfc062723c751e8b465ee728b) [PhysX] Initialized MultithreadedTaskDispatcher with 20 workers.
[PhysX] Initialized MultithreadedTaskDispatcher with 20 workers.
 -> (artifact id: '81071a033ecb0299d16c15378fef2bd9') in 0.012838 seconds
Number of updated asset objects reloaded before import = 0
Number of asset objects unloaded after import = 2
========================================================================
Received Import Request.
  Time since last request: 0.000033 seconds.
  path: Assets/Laser_Gunshots_SFX_Pack1/Wave/48kHz-24bit/No_Thump/Laser_Gun_P1-21.wav
  artifactKey: Guid(3eaa39bbcfacd2e49ab205e613c93acc) Importer(815301076,1909f56bfc062723c751e8b465ee728b)
Start importing Assets/Laser_Gunshots_SFX_Pack1/Wave/48kHz-24bit/No_Thump/Laser_Gun_P1-21.wav using Guid(3eaa39bbcfacd2e49ab205e613c93acc) Importer(815301076,1909f56bfc062723c751e8b465ee728b) [PhysX] Initialized MultithreadedTaskDispatcher with 20 workers.
[PhysX] Initialized MultithreadedTaskDispatcher with 20 workers.
 -> (artifact id: '89d994dc1653c8783f012980eedc583b') in 0.008726 seconds
Number of updated asset objects reloaded before import = 0
Number of asset objects unloaded after import = 2
========================================================================
Received Import Request.
  Time since last request: 0.000023 seconds.
  path: Assets/Laser_Gunshots_SFX_Pack1/Wave/48kHz-24bit/No_Thump/Laser_Gun_P1-52.wav
  artifactKey: Guid(1d7edaf37686b074295d36dfa78dfb92) Importer(815301076,1909f56bfc062723c751e8b465ee728b)
Start importing Assets/Laser_Gunshots_SFX_Pack1/Wave/48kHz-24bit/No_Thump/Laser_Gun_P1-52.wav using Guid(1d7edaf37686b074295d36dfa78dfb92) Importer(815301076,1909f56bfc062723c751e8b465ee728b) [PhysX] Initialized MultithreadedTaskDispatcher with 20 workers.
[PhysX] Initialized MultithreadedTaskDispatcher with 20 workers.
 -> (artifact id: '1d0f1c004c880bae6c8cb70ae933fe49') in 0.012318 seconds
Number of updated asset objects reloaded before import = 0
Number of asset objects unloaded after import = 2
========================================================================
Received Import Request.
  Time since last request: 3.353619 seconds.
  path: Assets/Laser_Gunshots_SFX_Pack1/Wave/48kHz-24bit/No_Thump/Laser_Gun_P1-79.wav
  artifactKey: Guid(02a73ecc203ced54ab5160969b2cbb83) Importer(815301076,1909f56bfc062723c751e8b465ee728b)
Start importing Assets/Laser_Gunshots_SFX_Pack1/Wave/48kHz-24bit/No_Thump/Laser_Gun_P1-79.wav using Guid(02a73ecc203ced54ab5160969b2cbb83) Importer(815301076,1909f56bfc062723c751e8b465ee728b) [PhysX] Initialized MultithreadedTaskDispatcher with 20 workers.
[PhysX] Initialized MultithreadedTaskDispatcher with 20 workers.
 -> (artifact id: '10218ad179e042f8fcba8f3b5ae241d1') in 0.010259 seconds
Number of updated asset objects reloaded before import = 0
Number of asset objects unloaded after import = 2
========================================================================
Received Import Request.
  Time since last request: 0.000018 seconds.
  path: Assets/Laser_Gunshots_SFX_Pack1/Wave/48kHz-24bit/No_Thump/Laser_Gun_P1-89.wav
  artifactKey: Guid(8c8015df1b5e2954593a11c362b6a8f7) Importer(815301076,1909f56bfc062723c751e8b465ee728b)
Start importing Assets/Laser_Gunshots_SFX_Pack1/Wave/48kHz-24bit/No_Thump/Laser_Gun_P1-89.wav using Guid(8c8015df1b5e2954593a11c362b6a8f7) Importer(815301076,1909f56bfc062723c751e8b465ee728b) [PhysX] Initialized MultithreadedTaskDispatcher with 20 workers.
[PhysX] Initialized MultithreadedTaskDispatcher with 20 workers.
 -> (artifact id: '2ce10ac1b3f6b9f725e5786dc28f6c64') in 0.008843 seconds
Number of updated asset objects reloaded before import = 0
Number of asset objects unloaded after import = 2
========================================================================
Received Import Request.
  Time since last request: 0.000034 seconds.
  path: Assets/Laser_Gunshots_SFX_Pack1/Wave/48kHz-24bit/No_Thump/Laser_Gun_P1-85.wav
  artifactKey: Guid(acaadb8a602113148abff4790c1abcfc) Importer(815301076,1909f56bfc062723c751e8b465ee728b)
Start importing Assets/Laser_Gunshots_SFX_Pack1/Wave/48kHz-24bit/No_Thump/Laser_Gun_P1-85.wav using Guid(acaadb8a602113148abff4790c1abcfc) Importer(815301076,1909f56bfc062723c751e8b465ee728b) [PhysX] Initialized MultithreadedTaskDispatcher with 20 workers.
[PhysX] Initialized MultithreadedTaskDispatcher with 20 workers.
 -> (artifact id: '89d956f9cb41e1d0d82cf90c5a217bf3') in 0.009126 seconds
Number of updated asset objects reloaded before import = 0
Number of asset objects unloaded after import = 2
========================================================================
Received Import Request.
  Time since last request: 0.332978 seconds.
  path: Assets/Laser_Gunshots_SFX_Pack1/Wave/48kHz-24bit/No_Thump/Laser_Gun_P1-98.wav
  artifactKey: Guid(8c51d5c9427899d4bb98238e870d7a32) Importer(815301076,1909f56bfc062723c751e8b465ee728b)
Start importing Assets/Laser_Gunshots_SFX_Pack1/Wave/48kHz-24bit/No_Thump/Laser_Gun_P1-98.wav using Guid(8c51d5c9427899d4bb98238e870d7a32) Importer(815301076,1909f56bfc062723c751e8b465ee728b) [PhysX] Initialized MultithreadedTaskDispatcher with 20 workers.
[PhysX] Initialized MultithreadedTaskDispatcher with 20 workers.
 -> (artifact id: 'd7d70dce4062498bd20737886967374f') in 0.009266 seconds
Number of updated asset objects reloaded before import = 0
Number of asset objects unloaded after import = 2
========================================================================
Received Import Request.
  Time since last request: 0.000020 seconds.
  path: Assets/Laser_Gunshots_SFX_Pack1/Wave/48kHz-24bit/No_Thump/Laser_Gun_P1-101.wav
  artifactKey: Guid(b04926a30fbcbd44eb3387b7b3bca1ac) Importer(815301076,1909f56bfc062723c751e8b465ee728b)
Start importing Assets/Laser_Gunshots_SFX_Pack1/Wave/48kHz-24bit/No_Thump/Laser_Gun_P1-101.wav using Guid(b04926a30fbcbd44eb3387b7b3bca1ac) Importer(815301076,1909f56bfc062723c751e8b465ee728b) [PhysX] Initialized MultithreadedTaskDispatcher with 20 workers.
[PhysX] Initialized MultithreadedTaskDispatcher with 20 workers.
 -> (artifact id: '89a4986321644b7521be1135bf27f781') in 0.009355 seconds
Number of updated asset objects reloaded before import = 0
Number of asset objects unloaded after import = 2
========================================================================
Received Import Request.
  Time since last request: 0.000046 seconds.
  path: Assets/Laser_Gunshots_SFX_Pack1/Wave/48kHz-24bit/No_Thump/Laser_Gun_P1-105.wav
  artifactKey: Guid(6ca9bbb1f48b33d4a9b5459f15ae5e1e) Importer(815301076,1909f56bfc062723c751e8b465ee728b)
Start importing Assets/Laser_Gunshots_SFX_Pack1/Wave/48kHz-24bit/No_Thump/Laser_Gun_P1-105.wav using Guid(6ca9bbb1f48b33d4a9b5459f15ae5e1e) Importer(815301076,1909f56bfc062723c751e8b465ee728b) [PhysX] Initialized MultithreadedTaskDispatcher with 20 workers.
[PhysX] Initialized MultithreadedTaskDispatcher with 20 workers.
 -> (artifact id: 'd01f575d6ef171afc267bb32bd1fd0fd') in 0.009983 seconds
Number of updated asset objects reloaded before import = 0
Number of asset objects unloaded after import = 2
========================================================================
Received Import Request.
  Time since last request: 0.000023 seconds.
  path: Assets/Laser_Gunshots_SFX_Pack1/Wave/48kHz-24bit/No_Thump/Laser_Gun_P1-103.wav
  artifactKey: Guid(28f39126cb065fa499d2d5d2ec5b19d0) Importer(815301076,1909f56bfc062723c751e8b465ee728b)
Start importing Assets/Laser_Gunshots_SFX_Pack1/Wave/48kHz-24bit/No_Thump/Laser_Gun_P1-103.wav using Guid(28f39126cb065fa499d2d5d2ec5b19d0) Importer(815301076,1909f56bfc062723c751e8b465ee728b) [PhysX] Initialized MultithreadedTaskDispatcher with 20 workers.
[PhysX] Initialized MultithreadedTaskDispatcher with 20 workers.
 -> (artifact id: 'f3ca2f0318cb43448edbd318947fea32') in 0.011154 seconds
Number of updated asset objects reloaded before import = 0
Number of asset objects unloaded after import = 2
========================================================================
Received Import Request.
  Time since last request: 0.001926 seconds.
  path: Assets/Laser_Gunshots_SFX_Pack1/Wave/48kHz-24bit/No_Thump/Laser_Gun_P1-116.wav
  artifactKey: Guid(3911865e7e732ec4d9228ffcd875ed3b) Importer(815301076,1909f56bfc062723c751e8b465ee728b)
Start importing Assets/Laser_Gunshots_SFX_Pack1/Wave/48kHz-24bit/No_Thump/Laser_Gun_P1-116.wav using Guid(3911865e7e732ec4d9228ffcd875ed3b) Importer(815301076,1909f56bfc062723c751e8b465ee728b) [PhysX] Initialized MultithreadedTaskDispatcher with 20 workers.
[PhysX] Initialized MultithreadedTaskDispatcher with 20 workers.
 -> (artifact id: '30bd595d62b10c38c0cc5e9be8cc2156') in 0.010833 seconds
Number of updated asset objects reloaded before import = 0
Number of asset objects unloaded after import = 2
Editor requested this worker to shutdown with reason: Scaling down because of idle timeout
TcpMessagingSession - receive error: operation aborted. errorcode: 995, details:  I/O 
AssetImportWorker is now disconnected from the server
Process exiting
Exiting without the bug reporter. Application will terminate with return code 0